2023-08-25 11:43:46.566 | INFO     | __main__:<module>:12 - hi
2023-08-28 16:41:01.609 | INFO     | __main__:<module>:13 - ====adetailer service start====
2023-08-28 16:41:30.716 | INFO     | __main__:<module>:13 - ====adetailer service start====
2023-08-28 16:41:47.855 | INFO     | __main__:<module>:13 - ====adetailer service start====
2023-08-28 16:42:35.704 | INFO     | __main__:<module>:13 - ====adetailer service start====
2023-08-28 16:43:37.974 | INFO     | __main__:<module>:13 - ====adetailer service start====
2023-08-28 16:51:09.453 | INFO     | __main__:<module>:14 - ====adetailer service start====
2023-08-28 16:51:18.042 | INFO     | main:<module>:14 - ====adetailer service start====
2023-08-28 16:51:18.042 | INFO     | main:<module>:14 - ====adetailer service start====
2023-08-28 16:52:02.517 | INFO     | __main__:<module>:14 - ====adetailer service start====
2023-08-28 16:52:10.370 | INFO     | main:<module>:14 - ====adetailer service start====
2023-08-28 16:52:10.370 | INFO     | main:<module>:14 - ====adetailer service start====
2023-08-28 16:58:41.512 | INFO     | __main__:<module>:14 - ====adetailer service start====
2023-08-28 16:59:03.928 | INFO     | main:<module>:14 - ====adetailer service start====
2023-08-28 16:59:03.928 | INFO     | main:<module>:14 - ====adetailer service start====
2023-08-28 17:00:42.163 | INFO     | main:get_adetailer:37 - Get request of traceID:1001
2023-08-28 17:00:42.163 | INFO     | main:get_adetailer:37 - Get request of traceID:1001
2023-08-28 17:00:59.438 | INFO     | main:get_adetailer:40 - Process images of traceID:1001
2023-08-28 17:00:59.438 | INFO     | main:get_adetailer:40 - Process images of traceID:1001
2023-08-28 17:01:57.894 | INFO     | __main__:<module>:14 - ====adetailer service start====
2023-08-28 17:02:07.659 | INFO     | __main__:<module>:14 - ====adetailer service start====
2023-08-28 17:02:24.285 | INFO     | main:<module>:14 - ====adetailer service start====
2023-08-28 17:02:24.285 | INFO     | main:<module>:14 - ====adetailer service start====
2023-08-28 17:02:54.791 | INFO     | main:get_adetailer:37 - Get request of traceID:1001
2023-08-28 17:02:54.791 | INFO     | main:get_adetailer:37 - Get request of traceID:1001
2023-08-28 17:02:56.724 | INFO     | main:get_adetailer:40 - Process images of traceID:1001
2023-08-28 17:02:56.724 | INFO     | main:get_adetailer:40 - Process images of traceID:1001
2023-08-28 17:04:02.808 | INFO     | __main__:<module>:14 - ====adetailer service start====
2023-08-28 17:04:11.747 | INFO     | main:<module>:14 - ====adetailer service start====
2023-08-28 17:04:11.747 | INFO     | main:<module>:14 - ====adetailer service start====
2023-08-28 17:04:38.687 | INFO     | main:get_adetailer:37 - Get request of traceID:1001
2023-08-28 17:04:38.687 | INFO     | main:get_adetailer:37 - Get request of traceID:1001
2023-08-28 17:04:40.373 | INFO     | main:get_adetailer:40 - Process images of traceID:1001
2023-08-28 17:04:40.373 | INFO     | main:get_adetailer:40 - Process images of traceID:1001
2023-08-28 17:06:24.344 | INFO     | __main__:<module>:14 - ====adetailer service start====
2023-08-28 17:06:33.295 | INFO     | main:<module>:14 - ====adetailer service start====
2023-08-28 17:06:33.295 | INFO     | main:<module>:14 - ====adetailer service start====
2023-08-28 17:07:05.898 | INFO     | main:get_adetailer:37 - Get request of traceID:1001
2023-08-28 17:07:05.898 | INFO     | main:get_adetailer:37 - Get request of traceID:1001
2023-08-28 17:07:07.682 | INFO     | main:get_adetailer:40 - Process images of traceID:1001
2023-08-28 17:07:07.682 | INFO     | main:get_adetailer:40 - Process images of traceID:1001
2023-08-28 17:08:23.309 | INFO     | main:get_adetailer:37 - Get request of traceID:1001
2023-08-28 17:08:23.309 | INFO     | main:get_adetailer:37 - Get request of traceID:1001
2023-08-28 17:08:23.365 | INFO     | main:get_adetailer:40 - Process images of traceID:1001
2023-08-28 17:08:23.365 | INFO     | main:get_adetailer:40 - Process images of traceID:1001
2023-08-28 17:10:40.571 | INFO     | __main__:<module>:14 - ====adetailer service start====
2023-08-28 17:10:49.594 | INFO     | main:<module>:14 - ====adetailer service start====
2023-08-28 17:10:49.594 | INFO     | main:<module>:14 - ====adetailer service start====
2023-08-28 17:11:45.806 | INFO     | main:get_adetailer:37 - Get request of traceID:1001
2023-08-28 17:11:45.806 | INFO     | main:get_adetailer:37 - Get request of traceID:1001
2023-08-28 17:11:45.871 | INFO     | main:get_adetailer:40 - Process images of traceID:1001
2023-08-28 17:11:45.871 | INFO     | main:get_adetailer:40 - Process images of traceID:1001
2023-08-28 17:13:19.763 | INFO     | __main__:<module>:14 - ====adetailer service start====
2023-08-28 17:13:31.448 | INFO     | main:<module>:14 - ====adetailer service start====
2023-08-28 17:13:31.448 | INFO     | main:<module>:14 - ====adetailer service start====
2023-08-28 17:13:50.355 | INFO     | main:get_adetailer:37 - Get request of traceID:1001
2023-08-28 17:13:50.355 | INFO     | main:get_adetailer:37 - Get request of traceID:1001
2023-08-28 17:13:52.564 | INFO     | main:get_adetailer:40 - Process images of traceID:1001
2023-08-28 17:13:52.564 | INFO     | main:get_adetailer:40 - Process images of traceID:1001
2023-08-28 17:14:07.038 | INFO     | main:get_adetailer:42 - Done process of traceID:1001
2023-08-28 17:14:07.038 | INFO     | main:get_adetailer:42 - Done process of traceID:1001
2023-08-28 17:14:50.547 | INFO     | __main__:<module>:14 - ====adetailer service start====
2023-08-28 17:14:59.756 | INFO     | main:<module>:14 - ====adetailer service start====
2023-08-28 17:14:59.756 | INFO     | main:<module>:14 - ====adetailer service start====
2023-08-28 17:18:37.207 | INFO     | __main__:<module>:14 - ====adetailer service start====
2023-08-28 17:18:47.151 | INFO     | main:<module>:14 - ====adetailer service start====
2023-08-28 17:18:47.151 | INFO     | main:<module>:14 - ====adetailer service start====
2023-08-28 17:19:15.794 | INFO     | main:get_adetailer:37 - Get request of traceID:1001
2023-08-28 17:19:15.794 | INFO     | main:get_adetailer:37 - Get request of traceID:1001
2023-08-28 17:19:15.853 | INFO     | main:get_adetailer:40 - Process images of traceID:1001
2023-08-28 17:19:15.853 | INFO     | main:get_adetailer:40 - Process images of traceID:1001
2023-08-28 17:19:43.823 | INFO     | main:get_adetailer:44 - Done process of traceID:1001
2023-08-28 17:19:43.823 | INFO     | main:get_adetailer:44 - Done process of traceID:1001
2023-08-28 17:21:01.105 | INFO     | main:get_adetailer:37 - Get request of traceID:1001
2023-08-28 17:21:01.105 | INFO     | main:get_adetailer:37 - Get request of traceID:1001
2023-08-28 17:21:01.161 | INFO     | main:get_adetailer:40 - Process images of traceID:1001
2023-08-28 17:21:01.161 | INFO     | main:get_adetailer:40 - Process images of traceID:1001
2023-08-28 17:21:56.316 | INFO     | main:get_adetailer:37 - Get request of traceID:1001
2023-08-28 17:21:56.316 | INFO     | main:get_adetailer:37 - Get request of traceID:1001
2023-08-28 17:21:56.374 | INFO     | main:get_adetailer:40 - Process images of traceID:1001
2023-08-28 17:21:56.374 | INFO     | main:get_adetailer:40 - Process images of traceID:1001
2023-08-28 17:35:04.353 | INFO     | __main__:<module>:14 - ====adetailer service start====
2023-08-28 17:35:12.460 | INFO     | main:<module>:14 - ====adetailer service start====
2023-08-28 17:35:12.460 | INFO     | main:<module>:14 - ====adetailer service start====
2023-08-28 17:35:32.388 | INFO     | main:get_adetailer:37 - Get request of traceID:1001
2023-08-28 17:35:32.388 | INFO     | main:get_adetailer:37 - Get request of traceID:1001
2023-08-28 17:35:32.450 | INFO     | main:get_adetailer:40 - Process images of traceID:1001
2023-08-28 17:35:32.450 | INFO     | main:get_adetailer:40 - Process images of traceID:1001
2023-08-28 17:35:51.560 | INFO     | main:get_adetailer:44 - Done process of traceID:1001
2023-08-28 17:35:51.560 | INFO     | main:get_adetailer:44 - Done process of traceID:1001
2023-08-28 17:36:47.213 | INFO     | __main__:<module>:14 - ====adetailer service start====
2023-08-28 17:36:55.337 | INFO     | main:<module>:14 - ====adetailer service start====
2023-08-28 17:36:55.337 | INFO     | main:<module>:14 - ====adetailer service start====
2023-08-28 17:37:13.844 | INFO     | main:get_adetailer:37 - Get request of traceID:1001
2023-08-28 17:37:13.844 | INFO     | main:get_adetailer:37 - Get request of traceID:1001
2023-08-28 17:37:13.905 | INFO     | main:get_adetailer:40 - Process images of traceID:1001
2023-08-28 17:37:13.905 | INFO     | main:get_adetailer:40 - Process images of traceID:1001
2023-08-28 17:37:24.498 | INFO     | main:get_adetailer:44 - Done process of traceID:1001
2023-08-28 17:37:24.498 | INFO     | main:get_adetailer:44 - Done process of traceID:1001
2023-08-28 17:39:20.518 | INFO     | __main__:<module>:14 - ====adetailer service start====
2023-08-28 17:39:28.582 | INFO     | main:<module>:14 - ====adetailer service start====
2023-08-28 17:39:28.582 | INFO     | main:<module>:14 - ====adetailer service start====
2023-08-28 17:39:43.885 | INFO     | main:get_adetailer:37 - Get request of traceID:1001
2023-08-28 17:39:43.885 | INFO     | main:get_adetailer:37 - Get request of traceID:1001
2023-08-28 17:39:43.945 | INFO     | main:get_adetailer:40 - Process images of traceID:1001
2023-08-28 17:39:43.945 | INFO     | main:get_adetailer:40 - Process images of traceID:1001
2023-08-28 17:39:54.928 | INFO     | main:get_adetailer:44 - Done process of traceID:1001
2023-08-28 17:39:54.928 | INFO     | main:get_adetailer:44 - Done process of traceID:1001
2023-08-28 17:40:54.276 | INFO     | main:get_adetailer:37 - Get request of traceID:1001
2023-08-28 17:40:54.276 | INFO     | main:get_adetailer:37 - Get request of traceID:1001
2023-08-28 17:40:54.331 | INFO     | main:get_adetailer:40 - Process images of traceID:1001
2023-08-28 17:40:54.331 | INFO     | main:get_adetailer:40 - Process images of traceID:1001
2023-08-28 17:41:01.159 | INFO     | main:get_adetailer:44 - Done process of traceID:1001
2023-08-28 17:41:01.159 | INFO     | main:get_adetailer:44 - Done process of traceID:1001
2023-08-28 17:47:33.061 | INFO     | __main__:<module>:14 - ====adetailer service start====
2023-08-28 17:47:42.232 | INFO     | main:<module>:14 - ====adetailer service start====
2023-08-28 17:47:42.232 | INFO     | main:<module>:14 - ====adetailer service start====
2023-08-28 17:48:31.173 | INFO     | main:get_adetailer:37 - Get request of traceID:1001
2023-08-28 17:48:31.173 | INFO     | main:get_adetailer:37 - Get request of traceID:1001
2023-08-28 17:48:31.239 | INFO     | main:get_adetailer:40 - Process images of traceID:1001
2023-08-28 17:48:31.239 | INFO     | main:get_adetailer:40 - Process images of traceID:1001
2023-08-28 17:48:43.835 | INFO     | main:get_adetailer:44 - Done process of traceID:1001
2023-08-28 17:48:43.835 | INFO     | main:get_adetailer:44 - Done process of traceID:1001
2023-08-28 17:52:47.770 | INFO     | main:get_adetailer:37 - Get request of traceID:1001
2023-08-28 17:52:47.770 | INFO     | main:get_adetailer:37 - Get request of traceID:1001
2023-08-28 17:52:47.826 | INFO     | main:get_adetailer:40 - Process images of traceID:1001
2023-08-28 17:52:47.826 | INFO     | main:get_adetailer:40 - Process images of traceID:1001
2023-08-28 17:52:54.702 | INFO     | main:get_adetailer:44 - Done process of traceID:1001
2023-08-28 17:52:54.702 | INFO     | main:get_adetailer:44 - Done process of traceID:1001
2023-08-28 17:53:04.103 | INFO     | main:get_adetailer:37 - Get request of traceID:1001
2023-08-28 17:53:04.103 | INFO     | main:get_adetailer:37 - Get request of traceID:1001
2023-08-28 17:53:04.160 | INFO     | main:get_adetailer:40 - Process images of traceID:1001
2023-08-28 17:53:04.160 | INFO     | main:get_adetailer:40 - Process images of traceID:1001
2023-08-28 17:53:10.933 | INFO     | main:get_adetailer:44 - Done process of traceID:1001
2023-08-28 17:53:10.933 | INFO     | main:get_adetailer:44 - Done process of traceID:1001
2023-08-28 17:53:26.530 | INFO     | __main__:<module>:14 - ====adetailer service start====
2023-08-28 17:57:59.282 | INFO     | __main__:<module>:14 - ====adetailer service start====
2023-08-28 17:58:07.250 | INFO     | main:<module>:14 - ====adetailer service start====
2023-08-28 17:58:07.250 | INFO     | main:<module>:14 - ====adetailer service start====
2023-08-28 17:58:30.203 | INFO     | main:get_adetailer:37 - Get request of traceID:1001
2023-08-28 17:58:30.203 | INFO     | main:get_adetailer:37 - Get request of traceID:1001
2023-08-28 17:58:30.265 | INFO     | main:get_adetailer:40 - Process images of traceID:1001
2023-08-28 17:58:30.265 | INFO     | main:get_adetailer:40 - Process images of traceID:1001
2023-08-28 17:58:40.944 | INFO     | main:get_adetailer:44 - Done process of traceID:1001
2023-08-28 17:58:40.944 | INFO     | main:get_adetailer:44 - Done process of traceID:1001
2023-08-28 17:59:29.879 | INFO     | main:get_adetailer:37 - Get request of traceID:1001
2023-08-28 17:59:29.879 | INFO     | main:get_adetailer:37 - Get request of traceID:1001
2023-08-28 17:59:29.938 | INFO     | main:get_adetailer:40 - Process images of traceID:1001
2023-08-28 17:59:29.938 | INFO     | main:get_adetailer:40 - Process images of traceID:1001
2023-08-28 17:59:36.747 | INFO     | main:get_adetailer:44 - Done process of traceID:1001
2023-08-28 17:59:36.747 | INFO     | main:get_adetailer:44 - Done process of traceID:1001
2023-08-28 18:00:16.653 | INFO     | main:get_adetailer:37 - Get request of traceID:1001
2023-08-28 18:00:16.653 | INFO     | main:get_adetailer:37 - Get request of traceID:1001
2023-08-28 18:00:16.709 | INFO     | main:get_adetailer:40 - Process images of traceID:1001
2023-08-28 18:00:16.709 | INFO     | main:get_adetailer:40 - Process images of traceID:1001
2023-08-28 18:00:23.587 | INFO     | main:get_adetailer:44 - Done process of traceID:1001
2023-08-28 18:00:23.587 | INFO     | main:get_adetailer:44 - Done process of traceID:1001
2023-08-28 18:09:11.005 | INFO     | main:get_adetailer:37 - Get request of traceID:1001
2023-08-28 18:09:11.005 | INFO     | main:get_adetailer:37 - Get request of traceID:1001
2023-08-28 18:09:11.063 | INFO     | main:get_adetailer:40 - Process images of traceID:1001
2023-08-28 18:09:11.063 | INFO     | main:get_adetailer:40 - Process images of traceID:1001
2023-08-28 18:09:17.949 | INFO     | main:get_adetailer:44 - Done process of traceID:1001
2023-08-28 18:09:17.949 | INFO     | main:get_adetailer:44 - Done process of traceID:1001
2023-08-28 18:09:18.304 | INFO     | main:get_adetailer:37 - Get request of traceID:1001
2023-08-28 18:09:18.304 | INFO     | main:get_adetailer:37 - Get request of traceID:1001
2023-08-28 18:09:18.362 | INFO     | main:get_adetailer:40 - Process images of traceID:1001
2023-08-28 18:09:18.362 | INFO     | main:get_adetailer:40 - Process images of traceID:1001
2023-08-28 18:09:22.350 | INFO     | main:get_adetailer:44 - Done process of traceID:1001
2023-08-28 18:09:22.350 | INFO     | main:get_adetailer:44 - Done process of traceID:1001
2023-08-28 18:10:37.092 | INFO     | __main__:<module>:14 - ====adetailer service start====
2023-08-28 18:10:45.383 | INFO     | main:<module>:14 - ====adetailer service start====
2023-08-28 18:10:45.383 | INFO     | main:<module>:14 - ====adetailer service start====
2023-08-28 18:11:02.987 | INFO     | main:get_adetailer:37 - Get request of traceID:1001
2023-08-28 18:11:02.987 | INFO     | main:get_adetailer:37 - Get request of traceID:1001
2023-08-28 18:11:03.047 | INFO     | main:get_adetailer:40 - Process images of traceID:1001
2023-08-28 18:11:03.047 | INFO     | main:get_adetailer:40 - Process images of traceID:1001
2023-08-28 18:11:13.807 | INFO     | main:get_adetailer:44 - Done process of traceID:1001
2023-08-28 18:11:13.807 | INFO     | main:get_adetailer:44 - Done process of traceID:1001
2023-08-28 18:11:14.160 | INFO     | main:get_adetailer:37 - Get request of traceID:1001
2023-08-28 18:11:14.160 | INFO     | main:get_adetailer:37 - Get request of traceID:1001
2023-08-28 18:11:14.219 | INFO     | main:get_adetailer:40 - Process images of traceID:1001
2023-08-28 18:11:14.219 | INFO     | main:get_adetailer:40 - Process images of traceID:1001
2023-08-28 18:12:56.540 | INFO     | __main__:<module>:14 - ====adetailer service start====
2023-08-28 18:13:04.457 | INFO     | main:<module>:14 - ====adetailer service start====
2023-08-28 18:13:04.457 | INFO     | main:<module>:14 - ====adetailer service start====
2023-08-28 18:13:43.022 | INFO     | main:get_adetailer:37 - Get request of traceID:1001
2023-08-28 18:13:43.022 | INFO     | main:get_adetailer:37 - Get request of traceID:1001
2023-08-28 18:13:43.118 | INFO     | main:get_adetailer:40 - Process images of traceID:1001
2023-08-28 18:13:43.118 | INFO     | main:get_adetailer:40 - Process images of traceID:1001
2023-08-28 18:13:53.626 | INFO     | main:get_adetailer:44 - Done process of traceID:1001
2023-08-28 18:13:53.626 | INFO     | main:get_adetailer:44 - Done process of traceID:1001
2023-08-28 18:13:53.641 | INFO     | main:get_adetailer:37 - Get request of traceID:1001
2023-08-28 18:13:53.641 | INFO     | main:get_adetailer:37 - Get request of traceID:1001
2023-08-28 18:13:53.701 | INFO     | main:get_adetailer:40 - Process images of traceID:1001
2023-08-28 18:13:53.701 | INFO     | main:get_adetailer:40 - Process images of traceID:1001
2023-08-28 18:14:34.949 | INFO     | __main__:<module>:14 - ====adetailer service start====
2023-08-28 18:14:43.288 | INFO     | main:<module>:14 - ====adetailer service start====
2023-08-28 18:14:43.288 | INFO     | main:<module>:14 - ====adetailer service start====
2023-08-28 18:15:00.490 | INFO     | main:get_adetailer:37 - Get request of traceID:1001
2023-08-28 18:15:00.490 | INFO     | main:get_adetailer:37 - Get request of traceID:1001
2023-08-28 18:15:00.554 | INFO     | main:get_adetailer:40 - Process images of traceID:1001
2023-08-28 18:15:00.554 | INFO     | main:get_adetailer:40 - Process images of traceID:1001
2023-08-28 18:15:11.343 | INFO     | main:get_adetailer:44 - Done process of traceID:1001
2023-08-28 18:15:11.343 | INFO     | main:get_adetailer:44 - Done process of traceID:1001
2023-08-28 18:16:07.918 | INFO     | __main__:<module>:14 - ====adetailer service start====
2023-08-28 18:16:16.700 | INFO     | main:<module>:14 - ====adetailer service start====
2023-08-28 18:16:16.700 | INFO     | main:<module>:14 - ====adetailer service start====
2023-08-28 18:16:33.564 | INFO     | main:get_adetailer:37 - Get request of traceID:1001
2023-08-28 18:16:33.564 | INFO     | main:get_adetailer:37 - Get request of traceID:1001
2023-08-28 18:16:33.623 | INFO     | main:get_adetailer:40 - Process images of traceID:1001
2023-08-28 18:16:33.623 | INFO     | main:get_adetailer:40 - Process images of traceID:1001
2023-08-28 18:16:43.953 | INFO     | main:get_adetailer:44 - Done process of traceID:1001
2023-08-28 18:16:43.953 | INFO     | main:get_adetailer:44 - Done process of traceID:1001
2023-08-28 18:16:56.986 | INFO     | main:get_adetailer:37 - Get request of traceID:1001
2023-08-28 18:16:56.986 | INFO     | main:get_adetailer:37 - Get request of traceID:1001
2023-08-28 18:16:57.045 | INFO     | main:get_adetailer:40 - Process images of traceID:1001
2023-08-28 18:16:57.045 | INFO     | main:get_adetailer:40 - Process images of traceID:1001
2023-08-28 18:17:01.295 | INFO     | main:get_adetailer:44 - Done process of traceID:1001
2023-08-28 18:17:01.295 | INFO     | main:get_adetailer:44 - Done process of traceID:1001
2023-08-28 18:17:16.672 | INFO     | main:get_adetailer:37 - Get request of traceID:1001
2023-08-28 18:17:16.672 | INFO     | main:get_adetailer:37 - Get request of traceID:1001
2023-08-28 18:17:16.731 | INFO     | main:get_adetailer:40 - Process images of traceID:1001
2023-08-28 18:17:16.731 | INFO     | main:get_adetailer:40 - Process images of traceID:1001
2023-08-28 18:17:23.608 | INFO     | main:get_adetailer:44 - Done process of traceID:1001
2023-08-28 18:17:23.608 | INFO     | main:get_adetailer:44 - Done process of traceID:1001
2023-08-28 18:17:23.958 | INFO     | main:get_adetailer:37 - Get request of traceID:1001
2023-08-28 18:17:23.958 | INFO     | main:get_adetailer:37 - Get request of traceID:1001
2023-08-28 18:17:24.016 | INFO     | main:get_adetailer:40 - Process images of traceID:1001
2023-08-28 18:17:24.016 | INFO     | main:get_adetailer:40 - Process images of traceID:1001
2023-08-28 18:17:27.982 | INFO     | main:get_adetailer:44 - Done process of traceID:1001
2023-08-28 18:17:27.982 | INFO     | main:get_adetailer:44 - Done process of traceID:1001
2023-08-28 18:17:49.029 | INFO     | main:get_adetailer:37 - Get request of traceID:1001
2023-08-28 18:17:49.029 | INFO     | main:get_adetailer:37 - Get request of traceID:1001
2023-08-28 18:17:49.090 | INFO     | main:get_adetailer:40 - Process images of traceID:1001
2023-08-28 18:17:49.090 | INFO     | main:get_adetailer:40 - Process images of traceID:1001
2023-08-28 18:17:53.299 | INFO     | main:get_adetailer:44 - Done process of traceID:1001
2023-08-28 18:17:53.299 | INFO     | main:get_adetailer:44 - Done process of traceID:1001
2023-08-28 18:17:53.501 | INFO     | main:get_adetailer:37 - Get request of traceID:1001
2023-08-28 18:17:53.501 | INFO     | main:get_adetailer:37 - Get request of traceID:1001
2023-08-28 18:17:53.561 | INFO     | main:get_adetailer:40 - Process images of traceID:1001
2023-08-28 18:17:53.561 | INFO     | main:get_adetailer:40 - Process images of traceID:1001
2023-08-28 18:17:59.917 | INFO     | main:get_adetailer:44 - Done process of traceID:1001
2023-08-28 18:17:59.917 | INFO     | main:get_adetailer:44 - Done process of traceID:1001
2023-08-28 18:19:01.908 | INFO     | main:get_adetailer:37 - Get request of traceID:1001
2023-08-28 18:19:01.908 | INFO     | main:get_adetailer:37 - Get request of traceID:1001
2023-08-28 18:19:01.965 | INFO     | main:get_adetailer:40 - Process images of traceID:1001
2023-08-28 18:19:01.965 | INFO     | main:get_adetailer:40 - Process images of traceID:1001
2023-08-28 18:19:08.747 | INFO     | main:get_adetailer:44 - Done process of traceID:1001
2023-08-28 18:19:08.747 | INFO     | main:get_adetailer:44 - Done process of traceID:1001
